# JRE version: OpenJDK Runtime Environment (8.0_152-b01) (build 1.8.0_152-release-1248-b01)
# Java VM: OpenJDK 64-Bit Server VM (25.152-b01 mixed mode linux-amd64 compressed oops)
Heap:
 PSYoungGen      total 471040K, used 0K [0x00000000e0000000, 0x0000000100000000, 0x0000000100000000)
  eden space 417792K, 0% used [0x00000000e0000000,0x00000000e0000000,0x00000000f9800000)
  from space 53248K, 0% used [0x00000000f9800000,0x00000000f9800000,0x00000000fcc00000)
  to   space 53248K, 0% used [0x00000000fcc00000,0x00000000fcc00000,0x0000000100000000)
 ParOldGen       total 272384K, used 227487K [0x00000000a0000000, 0x00000000b0a00000, 0x00000000e0000000)
  object space 272384K, 83% used [0x00000000a0000000,0x00000000ade27db0,0x00000000b0a00000)
 Metaspace       used 111546K, capacity 116886K, committed 117032K, reserved 1150976K
  class space    used 14149K, capacity 15275K, committed 15408K, reserved 1048576K
GC Heap History (10 events):
Event: 6806,795 GC heap after
Heap after GC invocations=34 (full 5):
 PSYoungGen      total 423936K, used 16203K [0x00000000e0000000, 0x0000000100000000, 0x0000000100000000)
  eden space 363520K, 0% used [0x00000000e0000000,0x00000000e0000000,0x00000000f6300000)
  from space 60416K, 26% used [0x00000000f6300000,0x00000000f72d2f90,0x00000000f9e00000)
  to   space 57856K, 0% used [0x00000000fc780000,0x00000000fc780000,0x0000000100000000)
 ParOldGen       total 208384K, used 81915K [0x00000000a0000000, 0x00000000acb80000, 0x00000000e0000000)
  object space 208384K, 39% used [0x00000000a0000000,0x00000000a4ffef20,0x00000000acb80000)
 Metaspace       used 109208K, capacity 114056K, committed 114344K, reserved 1148928K
  class space    used 13857K, capacity 14920K, committed 15024K, reserved 1048576K
}
Event: 6811,220 GC heap before
{Heap before GC invocations=35 (full 5):
 PSYoungGen      total 423936K, used 379723K [0x00000000e0000000, 0x0000000100000000, 0x0000000100000000)
  eden space 363520K, 100% used [0x00000000e0000000,0x00000000f6300000,0x00000000f6300000)
  from space 60416K, 26% used [0x00000000f6300000,0x00000000f72d2f90,0x00000000f9e00000)
  to   space 57856K, 0% used [0x00000000fc780000,0x00000000fc780000,0x0000000100000000)
 ParOldGen       total 208384K, used 81915K [0x00000000a0000000, 0x00000000acb80000, 0x00000000e0000000)
  object space 208384K, 39% used [0x00000000a0000000,0x00000000a4ffef20,0x00000000acb80000)
 Metaspace       used 109282K, capacity 114128K, committed 114344K, reserved 1148928K
  class space    used 13858K, capacity 14920K, committed 15024K, reserved 1048576K
Event: 6811,361 GC heap after
Heap after GC invocations=35 (full 5):
 PSYoungGen      total 454144K, used 20348K [0x00000000e0000000, 0x00000000ff680000, 0x0000000100000000)
  eden space 406016K, 0% used [0x00000000e0000000,0x00000000e0000000,0x00000000f8c80000)
  from space 48128K, 42% used [0x00000000fc780000,0x00000000fdb5f058,0x00000000ff680000)
  to   space 54272K, 0% used [0x00000000f8c80000,0x00000000f8c80000,0x00000000fc180000)
 ParOldGen       total 208384K, used 81923K [0x00000000a0000000, 0x00000000acb80000, 0x00000000e0000000)
  object space 208384K, 39% used [0x00000000a0000000,0x00000000a5000f20,0x00000000acb80000)
 Metaspace       used 109282K, capacity 114128K, committed 114344K, reserved 1148928K
  class space    used 13858K, capacity 14920K, committed 15024K, reserved 1048576K
}
Event: 6815,829 GC heap before
{Heap before GC invocations=36 (full 5):
 PSYoungGen      total 454144K, used 426364K [0x00000000e0000000, 0x00000000ff680000, 0x0000000100000000)
  eden space 406016K, 100% used [0x00000000e0000000,0x00000000f8c80000,0x00000000f8c80000)
  from space 48128K, 42% used [0x00000000fc780000,0x00000000fdb5f058,0x00000000ff680000)
  to   space 54272K, 0% used [0x00000000f8c80000,0x00000000f8c80000,0x00000000fc180000)
 ParOldGen       total 208384K, used 81923K [0x00000000a0000000, 0x00000000acb80000, 0x00000000e0000000)
  object space 208384K, 39% used [0x00000000a0000000,0x00000000a5000f20,0x00000000acb80000)
 Metaspace       used 109306K, capacity 114132K, committed 114344K, reserved 1148928K
  class space    used 13858K, capacity 14920K, committed 15024K, reserved 1048576K
Event: 6815,948 GC heap after
Heap after GC invocations=36 (full 5):
 PSYoungGen      total 460288K, used 22897K [0x00000000e0000000, 0x0000000100000000, 0x0000000100000000)
  eden space 406016K, 0% used [0x00000000e0000000,0x00000000e0000000,0x00000000f8c80000)
  from space 54272K, 42% used [0x00000000f8c80000,0x00000000fa2dc7e0,0x00000000fc180000)
  to   space 51712K, 0% used [0x00000000fcd80000,0x00000000fcd80000,0x0000000100000000)
 ParOldGen       total 208384K, used 81931K [0x00000000a0000000, 0x00000000acb80000, 0x00000000e0000000)
  object space 208384K, 39% used [0x00000000a0000000,0x00000000a5002f20,0x00000000acb80000)
 Metaspace       used 109306K, capacity 114132K, committed 114344K, reserved 1148928K
  class space    used 13858K, capacity 14920K, committed 15024K, reserved 1048576K
}
Event: 6826,851 GC heap before
{Heap before GC invocations=37 (full 5):
 PSYoungGen      total 460288K, used 428913K [0x00000000e0000000, 0x0000000100000000, 0x0000000100000000)
  eden space 406016K, 100% used [0x00000000e0000000,0x00000000f8c80000,0x00000000f8c80000)
  from space 54272K, 42% used [0x00000000f8c80000,0x00000000fa2dc7e0,0x00000000fc180000)
  to   space 51712K, 0% used [0x00000000fcd80000,0x00000000fcd80000,0x0000000100000000)
 ParOldGen       total 208384K, used 81931K [0x00000000a0000000, 0x00000000acb80000, 0x00000000e0000000)
  object space 208384K, 39% used [0x00000000a0000000,0x00000000a5002f20,0x00000000acb80000)
 Metaspace       used 110005K, capacity 115028K, committed 115240K, reserved 1148928K
  class space    used 13920K, capacity 15022K, committed 15152K, reserved 1048576K
Event: 6827,171 GC heap after
Heap after GC invocations=37 (full 5):
 PSYoungGen      total 469504K, used 33647K [0x00000000e0000000, 0x0000000100000000, 0x0000000100000000)
  eden space 417792K, 0% used [0x00000000e0000000,0x00000000e0000000,0x00000000f9800000)
  from space 51712K, 65% used [0x00000000fcd80000,0x00000000fee5bd38,0x0000000100000000)
  to   space 53248K, 0% used [0x00000000f9800000,0x00000000f9800000,0x00000000fcc00000)
 ParOldGen       total 208384K, used 88156K [0x00000000a0000000, 0x00000000acb80000, 0x00000000e0000000)
  object space 208384K, 42% used [0x00000000a0000000,0x00000000a5617158,0x00000000acb80000)
 Metaspace       used 110005K, capacity 115028K, committed 115240K, reserved 1148928K
  class space    used 13920K, capacity 15022K, committed 15152K, reserved 1048576K
}
Event: 6838,588 GC heap before
{Heap before GC invocations=38 (full 5):
 PSYoungGen      total 469504K, used 443691K [0x00000000e0000000, 0x0000000100000000, 0x0000000100000000)
  eden space 417792K, 98% used [0x00000000e0000000,0x00000000f906f228,0x00000000f9800000)
  from space 51712K, 65% used [0x00000000fcd80000,0x00000000fee5bd38,0x0000000100000000)
  to   space 53248K, 0% used [0x00000000f9800000,0x00000000f9800000,0x00000000fcc00000)
 ParOldGen       total 208384K, used 96348K [0x00000000a0000000, 0x00000000acb80000, 0x00000000e0000000)
  object space 208384K, 46% used [0x00000000a0000000,0x00000000a5e17168,0x00000000acb80000)
 Metaspace       used 111498K, capacity 116860K, committed 117032K, reserved 1150976K
  class space    used 14141K, capacity 15268K, committed 15408K, reserved 1048576K
Event: 6838,878 GC heap after
Heap after GC invocations=38 (full 5):
 PSYoungGen      total 471040K, used 53216K [0x00000000e0000000, 0x0000000100000000, 0x0000000100000000)
  eden space 417792K, 0% used [0x00000000e0000000,0x00000000e0000000,0x00000000f9800000)
  from space 53248K, 99% used [0x00000000f9800000,0x00000000fcbf8130,0x00000000fcc00000)
  to   space 53248K, 0% used [0x00000000fcc00000,0x00000000fcc00000,0x0000000100000000)
 ParOldGen       total 208384K, used 117606K [0x00000000a0000000, 0x00000000acb80000, 0x00000000e0000000)
  object space 208384K, 56% used [0x00000000a0000000,0x00000000a72d9998,0x00000000acb80000)
 Metaspace       used 111498K, capacity 116860K, committed 117032K, reserved 1150976K
  class space    used 14141K, capacity 15268K, committed 15408K, reserved 1048576K
}
Event: 6851,167 GC heap before
{Heap before GC invocations=39 (full 6):
 PSYoungGen      total 471040K, used 471008K [0x00000000e0000000, 0x0000000100000000, 0x0000000100000000)
  eden space 417792K, 100% used [0x00000000e0000000,0x00000000f9800000,0x00000000f9800000)
  from space 53248K, 99% used [0x00000000f9800000,0x00000000fcbf8130,0x00000000fcc00000)
  to   space 53248K, 0% used [0x00000000fcc00000,0x00000000fcc00000,0x0000000100000000)
 ParOldGen       total 272384K, used 269960K [0x00000000a0000000, 0x00000000b0a00000, 0x00000000e0000000)
  object space 272384K, 99% used [0x00000000a0000000,0x00000000b07a2380,0x00000000b0a00000)
 Metaspace       used 111546K, capacity 116886K, committed 117032K, reserved 1150976K
  class space    used 14149K, capacity 15275K, committed 15408K, reserved 1048576K

